<?xml version="1.0" encoding="UTF-8"?>
<testng-results ignored="0" total="3" passed="3" failed="0" skipped="0">
  <reporter-output>
  </reporter-output>
  <suite started-at="2024-01-13T16:38:56 IST" name="Suite" finished-at="2024-01-13T16:38:59 IST" duration-ms="2970">
    <groups>
    </groups>
    <test started-at="2024-01-13T16:38:56 IST" name="Test" finished-at="2024-01-13T16:38:59 IST" duration-ms="2970">
      <class name="firsttestpackage.NewTest">
        <test-method signature="f()[pri:0, instance:firsttestpackage.NewTest@4efc180e]" started-at="2024-01-13T16:38:56 IST" name="f" finished-at="2024-01-13T16:38:59 IST" duration-ms="2928" status="PASS">
          <reporter-output>
          </reporter-output>
        </test-method> <!-- f -->
        <test-method signature="test1()[pri:0, instance:firsttestpackage.NewTest@4efc180e]" started-at="2024-01-13T16:38:59 IST" name="test1" finished-at="2024-01-13T16:38:59 IST" duration-ms="1" status="PASS">
          <reporter-output>
          </reporter-output>
        </test-method> <!-- test1 -->
        <test-method signature="test2()[pri:0, instance:firsttestpackage.NewTest@4efc180e]" started-at="2024-01-13T16:38:59 IST" name="test2" finished-at="2024-01-13T16:38:59 IST" duration-ms="2" status="PASS">
          <reporter-output>
          </reporter-output>
        </test-method> <!-- test2 -->
      </class> <!-- firsttestpackage.NewTest -->
    </test> <!-- Test -->
  </suite> <!-- Suite -->
</testng-results>
