<?xml version="1.0" encoding="UTF-8"?>
<!-- Generated by org.testng.reporters.JUnitXMLReporter -->
<testsuite ignored="0" hostname="DESKTOP-0PBQCH3" failures="0" tests="3" name="Default test" time="3.417" errors="0" timestamp="2024-01-13T16:17:39 IST">
  <testcase classname="firsttestpackage.NewTest" name="f" time="3.364"/>
  <testcase classname="firsttestpackage.NewTest" name="test1" time="0.003"/>
  <testcase classname="firsttestpackage.NewTest" name="test2" time="0.001"/>
</testsuite> <!-- Default test -->
